<?xml version="1.0" encoding="UTF-8"?>
<!-- Generated by org.testng.reporters.JUnitXMLReporter -->
<testsuite ignored="4" hostname="DESKTOP-FUGEFD6" failures="0" tests="8" name="Test-runner-2" time="50.57" errors="0" timestamp="2023-03-28T10:09:46 IST">
  <testcase classname="com.sample.TS_01" name="testCase" time="0.001"/>
  <testcase classname="com.sample.TS_01" name="testCase1" time="0.006"/>
  <testcase classname="com.sample.TS_02" name="testCase3" time="0.002"/>
  <testcase classname="com.sample.TS_02" name="testCase4" time="0.006"/>
  <testcase classname="com.sample.TS_03" name="testCase5" time="0.003"/>
  <testcase classname="com.sample.TS_03" name="testCase6" time="0.002"/>
  <testcase classname="com.sample.TS_04" name="testCase7" time="0.003"/>
  <testcase classname="com.sample.TS_04" name="testCase8" time="0.003"/>
  <testcase classname="com.GenericUtilities.BaseClass" name="@BeforeSuite connectToDB" time="0.0">
    <ignored/>
  </testcase> <!-- @BeforeSuite connectToDB -->
  <testcase classname="com.GenericUtilities.BaseClass" name="@BeforeSuite connectToDB" time="0.0">
    <ignored/>
  </testcase> <!-- @BeforeSuite connectToDB -->
  <testcase classname="com.GenericUtilities.BaseClass" name="@AfterSuite configAS" time="0.0">
    <ignored/>
  </testcase> <!-- @AfterSuite configAS -->
  <testcase classname="com.GenericUtilities.BaseClass" name="@AfterSuite configAS" time="0.0">
    <ignored/>
  </testcase> <!-- @AfterSuite configAS -->
</testsuite> <!-- Test-runner-2 -->
