<?xml version="1.0" encoding="UTF-8"?>
<!-- Generated by org.testng.reporters.JUnitReportReporter -->
<testsuite hostname="DESKTOP-FUGEFD6" failures="0" tests="2" name="com.sample.TS_01" time="0.023" errors="0" timestamp="2023-04-06T15:55:02 IST" skipped="0">
  <testcase classname="com.sample.TS_01" name="testCase1Test" time="0.006"/>
  <system-out>
    <![CDATA[---TestCase One Executed
---TestCase ZeroOne Executed
---TestCase ZeroTwo Executed
---TestCase ZeroThree Executed]]>
  </system-out>
  <testcase classname="com.sample.TS_01" name="testCase" time="0.017"/>
  <system-out>
    <![CDATA[---TestCase Two Executed]]>
  </system-out>
</testsuite> <!-- com.sample.TS_01 -->
