<?xml version="1.0" encoding="UTF-8"?>
<!-- Generated by org.testng.reporters.JUnitReportReporter -->
<testsuite hostname="DESKTOP-FUGEFD6" failures="0" tests="1" name="com.sample.SeleniumGridPractise" time="19.685" errors="0" timestamp="2023-04-11T17:18:46 IST" skipped="0">
  <testcase classname="com.sample.SeleniumGridPractise" name="test" time="19.685"/>
  <system-out/>
</testsuite> <!-- com.sample.SeleniumGridPractise -->
