<?xml version="1.0" encoding="UTF-8"?>
<!-- Generated by org.testng.reporters.JUnitReportReporter -->
<testsuite hostname="DESKTOP-FUGEFD6" failures="0" tests="2" name="com.sample.SampleForTestNG" time="0.010" errors="0" timestamp="2023-03-24T10:57:20 IST" skipped="0">
  <testcase classname="com.sample.SampleForTestNG" name="getData" time="0.008"/>
  <system-out/>
  <testcase classname="com.sample.SampleForTestNG" name="getData" time="0.002"/>
  <system-out/>
</testsuite> <!-- com.sample.SampleForTestNG -->
