<?xml version="1.0" encoding="UTF-8"?>
<!-- Generated by org.testng.reporters.JUnitReportReporter -->
<testsuite hostname="DESKTOP-FUGEFD6" failures="0" tests="1" name="createAccount.OpenAccountBaseClass" time="7.443" errors="0" timestamp="2023-04-06T15:17:26 IST" skipped="0">
  <testcase classname="createAccount.OpenAccountBaseClass" name="createAccount" time="7.443"/>
  <system-out/>
</testsuite> <!-- createAccount.OpenAccountBaseClass -->
