<?xml version="1.0" encoding="UTF-8"?>
<!-- Generated by org.testng.reporters.JUnitReportReporter -->
<testsuite hostname="DESKTOP-FUGEFD6" failures="0" tests="1" name="ApplyDebitCard.ApplyDebitCardBaseClass" time="1.426" errors="0" timestamp="2023-04-06T15:17:26 IST" skipped="0">
  <testcase classname="ApplyDebitCard.ApplyDebitCardBaseClass" name="applyDebitCard" time="1.426"/>
  <system-out/>
</testsuite> <!-- ApplyDebitCard.ApplyDebitCardBaseClass -->
