<?xml version="1.0" encoding="UTF-8"?>
<!-- Generated by org.testng.reporters.JUnitReportReporter -->
<testsuite hostname="DESKTOP-FUGEFD6" failures="0" tests="2" name="com.sample.TS_04" time="0.006" errors="0" timestamp="2023-04-06T15:13:07 IST" skipped="0">
  <testcase classname="com.sample.TS_04" name="testCase7" time="0.003"/>
  <system-out>
    <![CDATA[---TestCase Seven Executed]]>
  </system-out>
  <testcase classname="com.sample.TS_04" name="testCase8" time="0.003"/>
  <system-out>
    <![CDATA[---TestCase Eight Executed]]>
  </system-out>
</testsuite> <!-- com.sample.TS_04 -->
