<?xml version="1.0" encoding="UTF-8"?>
<!-- Generated by org.testng.reporters.JUnitReportReporter -->
<testsuite hostname="DESKTOP-FUGEFD6" failures="0" tests="1" name="BrokenLinks" time="336.478" errors="0" timestamp="2023-04-11T10:39:50 IST" skipped="0">
  <testcase classname="BrokenLinks" name="test" time="336.478"/>
  <system-out/>
</testsuite> <!-- BrokenLinks -->
