<?xml version="1.0" encoding="UTF-8"?>
<!-- Generated by org.testng.reporters.JUnitXMLReporter -->
<testsuite ignored="0" hostname="DESKTOP-FUGEFD6" failures="0" tests="2" name="Test-runner-1(failed)" time="6.471" errors="0" timestamp="2023-03-27T12:52:11 IST">
  <testcase classname="com.sample.TS_01" name="testCase" time="0.008"/>
  <testcase classname="com.sample.TS_01" name="testCase1" time="0.005"/>
</testsuite> <!-- Test-runner-1(failed) -->
